<?xml version="1.0" encoding="UTF-8"?>
<!-- Generated by org.testng.reporters.JUnitXMLReporter -->
<testsuite hostname="DESKTOP-2UHMCIV" ignored="2" name="Application Test" tests="4" failures="0" timestamp="12 Sep 2017 11:14:15 GMT" time="0.023" errors="0">
  <testcase name="testMethod1" time="0.004" classname="regressionsuite.TestNG_TestClass1"/>
  <testcase name="testMethod2" time="0.001" classname="regressionsuite.TestNG_TestClass1"/>
  <testcase name="testMethod1" time="0.001" classname="regressionsuite.TestNG_TestClass2"/>
  <testcase name="testMethod2" time="0.001" classname="regressionsuite.TestNG_TestClass2"/>
  <testcase name="@BeforeSuite beforeSuite" time="0.0" classname="base.BaseTestSuite">
    <ignored/>
  </testcase> <!-- @BeforeSuite beforeSuite -->
  <testcase name="@AfterSuite afterSuite" time="0.0" classname="base.BaseTestSuite">
    <ignored/>
  </testcase> <!-- @AfterSuite afterSuite -->
</testsuite> <!-- Application Test -->
