<?xml version="1.0" encoding="UTF-8"?>
<!-- Generated by org.testng.reporters.JUnitXMLReporter -->
<testsuite hostname="DESKTOP-2UHMCIV" ignored="4" tests="0" failures="0" timestamp="12 Sep 2017 12:39:57 GMT" time="0.003" errors="0">
  <testcase name="testAudiA6" time="0.0" classname="testclasses.TestNG_Grouping">
    <ignored/>
  </testcase> <!-- testAudiA6 -->
  <testcase name="testNinja" time="0.0" classname="testclasses.TestNG_Grouping">
    <ignored/>
  </testcase> <!-- testNinja -->
  <testcase name="testHondaCBR" time="0.0" classname="testclasses.TestNG_Grouping">
    <ignored/>
  </testcase> <!-- testHondaCBR -->
  <testcase name="testBMWX6" time="0.0" classname="testclasses.TestNG_Grouping">
    <ignored/>
  </testcase> <!-- testBMWX6 -->
</testsuite>
