<?xml version="1.0" encoding="UTF-8"?>
<!-- Generated by org.testng.reporters.JUnitXMLReporter -->
<testsuite hostname="DESKTOP-2UHMCIV" ignored="0" name="Test 2" tests="4" failures="0" timestamp="12 Sep 2017 14:02:27 GMT" time="0.008" errors="0">
  <testcase name="testMethod1" time="0.001" classname="testclasses.TestNG_Preserve1"/>
  <testcase name="testMethod2" time="0.001" classname="testclasses.TestNG_Preserve1"/>
  <testcase name="testMethod1" time="0.0" classname="testclasses.TestNG_Preserve2"/>
  <testcase name="testMethod2" time="0.001" classname="testclasses.TestNG_Preserve2"/>
</testsuite> <!-- Test 2 -->
