<?xml version="1.0" encoding="UTF-8"?>
<testng-results skipped="0" failed="0" ignored="0" total="2" passed="2">
  <reporter-output>
  </reporter-output>
  <suite name="Default suite" duration-ms="25" started-at="2017-09-13T08:04:50Z" finished-at="2017-09-13T08:04:50Z">
    <groups>
    </groups>
    <test name="Default test" duration-ms="25" started-at="2017-09-13T08:04:50Z" finished-at="2017-09-13T08:04:50Z">
      <class name="testclasses.TestNG_ListenersTest1">
        <test-method status="PASS" signature="setUp()[pri:0, instance:testclasses.TestNG_ListenersTest1@458ad742]" name="setUp" is-config="true" duration-ms="6" started-at="2017-09-13T11:04:50Z" finished-at="2017-09-13T11:04:50Z">
          <reporter-output>
          </reporter-output>
        </test-method> <!-- setUp -->
        <test-method status="PASS" signature="testMethod1()[pri:0, instance:testclasses.TestNG_ListenersTest1@458ad742]" name="testMethod1" duration-ms="3" started-at="2017-09-13T11:04:50Z" finished-at="2017-09-13T11:04:50Z">
          <reporter-output>
          </reporter-output>
        </test-method> <!-- testMethod1 -->
        <test-method status="PASS" signature="testMethod2()[pri:0, instance:testclasses.TestNG_ListenersTest1@458ad742]" name="testMethod2" duration-ms="2" started-at="2017-09-13T11:04:50Z" finished-at="2017-09-13T11:04:50Z">
          <reporter-output>
          </reporter-output>
        </test-method> <!-- testMethod2 -->
        <test-method status="PASS" signature="cleanUp()[pri:0, instance:testclasses.TestNG_ListenersTest1@458ad742]" name="cleanUp" is-config="true" duration-ms="0" started-at="2017-09-13T11:04:50Z" finished-at="2017-09-13T11:04:50Z">
          <reporter-output>
          </reporter-output>
        </test-method> <!-- cleanUp -->
      </class> <!-- testclasses.TestNG_ListenersTest1 -->
    </test> <!-- Default test -->
  </suite> <!-- Default suite -->
</testng-results>
